<?xml version="1.0" encoding="UTF-8"?>
<testng-results skipped="0" failed="1" total="6" passed="5">
  <reporter-output>
  </reporter-output>
  <suite name="Suite" duration-ms="850104" started-at="2019-01-28T07:55:22Z" finished-at="2019-01-28T08:09:32Z">
    <groups>
    </groups>
    <test name="Test1" duration-ms="850104" started-at="2019-01-28T07:55:22Z" finished-at="2019-01-28T08:09:32Z">
      <class name="com.pagelibrary.com.ranfordbank.TestExecution">
        <test-method status="PASS" signature="extentreport()[pri:0, instance:com.pagelibrary.com.ranfordbank.TestExecution@1832929]" name="extentreport" is-config="true" duration-ms="189" started-at="2019-01-28T13:25:21Z" finished-at="2019-01-28T13:25:22Z">
          <reporter-output>
          </reporter-output>
        </test-method> <!-- extentreport -->
        <test-method status="PASS" signature="beforemethod(java.lang.reflect.Method)[pri:0, instance:com.pagelibrary.com.ranfordbank.TestExecution@1832929]" name="beforemethod" is-config="true" duration-ms="3" started-at="2019-01-28T13:25:22Z" finished-at="2019-01-28T13:25:22Z">
          <params>
            <param index="0">
              <value>
                <![CDATA[public void com.pagelibrary.com.ranfordbank.TestExecution.verify_launch(java.lang.String)]]>
              </value>
            </param>
          </params>
          <reporter-output>
          </reporter-output>
        </test-method> <!-- beforemethod -->
        <test-method status="PASS" signature="verify_launch(java.lang.String)[pri:0, instance:com.pagelibrary.com.ranfordbank.TestExecution@1832929]" name="verify_launch" duration-ms="77286" started-at="2019-01-28T13:25:22Z" finished-at="2019-01-28T13:26:39Z">
          <params>
            <param index="0">
              <value>
                <![CDATA[chrome]]>
              </value>
            </param>
          </params>
          <reporter-output>
          </reporter-output>
        </test-method> <!-- verify_launch -->
        <test-method status="PASS" signature="beforemethod(java.lang.reflect.Method)[pri:0, instance:com.pagelibrary.com.ranfordbank.TestExecution@1832929]" name="beforemethod" is-config="true" duration-ms="1" started-at="2019-01-28T13:26:39Z" finished-at="2019-01-28T13:26:39Z">
          <params>
            <param index="0">
              <value>
                <![CDATA[public void com.pagelibrary.com.ranfordbank.TestExecution.verify_login()]]>
              </value>
            </param>
          </params>
          <reporter-output>
          </reporter-output>
        </test-method> <!-- beforemethod -->
        <test-method status="PASS" signature="verify_login()[pri:1, instance:com.pagelibrary.com.ranfordbank.TestExecution@1832929]" name="verify_login" duration-ms="61886" started-at="2019-01-28T13:26:39Z" finished-at="2019-01-28T13:27:41Z">
          <reporter-output>
          </reporter-output>
        </test-method> <!-- verify_login -->
        <test-method status="FAIL" signature="verify_branches()[pri:2, instance:com.pagelibrary.com.ranfordbank.TestExecution@1832929]" name="verify_branches" duration-ms="1454" started-at="2019-01-28T13:27:41Z" finished-at="2019-01-28T13:27:42Z">
          <exception class="org.openqa.selenium.NoAlertPresentException">
            <message>
              <![CDATA[no such alert
  (Session info: chrome=71.0.3578.98)
  (Driver info: chromedriver=2.44.609538 (b655c5a60b0b544917107a59d4153d4bf78e1b90),platform=Windows NT 6.1.7600 x86) (WARNING: The server did not provide any stacktrace information)
Command duration or timeout: 0 milliseconds
Build info: version: '3.8.1', revision: '6e95a6684b', time: '2017-12-01T18:33:54.468Z'
System info: host: 'SIVAKUMAR-PC', ip: '192.168.3.39', os.name: 'Windows 7', os.arch: 'x86', os.version: '6.1', java.version: '1.8.0_191'
Driver info: org.openqa.selenium.chrome.ChromeDriver
Capabilities {acceptInsecureCerts: false, acceptSslCerts: false, applicationCacheEnabled: false, browserConnectionEnabled: false, browserName: chrome, chrome: {chromedriverVersion: 2.44.609538 (b655c5a60b0b54..., userDataDir: C:\Users\SIVAKU~1\AppData\L...}, cssSelectorsEnabled: true, databaseEnabled: false, goog:chromeOptions: {debuggerAddress: localhost:49196}, handlesAlerts: true, hasTouchScreen: false, javascriptEnabled: true, locationContextEnabled: true, mobileEmulationEnabled: false, nativeEvents: true, networkConnectionEnabled: false, pageLoadStrategy: normal, platform: XP, platformName: XP, rotatable: false, setWindowRect: true, takesHeapSnapshot: true, takesScreenshot: true, unexpectedAlertBehaviour: ignore, unhandledPromptBehavior: ignore, version: 71.0.3578.98, webStorageEnabled: true}
Session ID: db9bc675ce65bc30d3dcc8b922cd9d5b]]>
            </message>
            <full-stacktrace>
              <![CDATA[org.openqa.selenium.NoAlertPresentException: no such alert
  (Session info: chrome=71.0.3578.98)
  (Driver info: chromedriver=2.44.609538 (b655c5a60b0b544917107a59d4153d4bf78e1b90),platform=Windows NT 6.1.7600 x86) (WARNING: The server did not provide any stacktrace information)
Command duration or timeout: 0 milliseconds
Build info: version: '3.8.1', revision: '6e95a6684b', time: '2017-12-01T18:33:54.468Z'
System info: host: 'SIVAKUMAR-PC', ip: '192.168.3.39', os.name: 'Windows 7', os.arch: 'x86', os.version: '6.1', java.version: '1.8.0_191'
Driver info: org.openqa.selenium.chrome.ChromeDriver
Capabilities {acceptInsecureCerts: false, acceptSslCerts: false, applicationCacheEnabled: false, browserConnectionEnabled: false, browserName: chrome, chrome: {chromedriverVersion: 2.44.609538 (b655c5a60b0b54..., userDataDir: C:\Users\SIVAKU~1\AppData\L...}, cssSelectorsEnabled: true, databaseEnabled: false, goog:chromeOptions: {debuggerAddress: localhost:49196}, handlesAlerts: true, hasTouchScreen: false, javascriptEnabled: true, locationContextEnabled: true, mobileEmulationEnabled: false, nativeEvents: true, networkConnectionEnabled: false, pageLoadStrategy: normal, platform: XP, platformName: XP, rotatable: false, setWindowRect: true, takesHeapSnapshot: true, takesScreenshot: true, unexpectedAlertBehaviour: ignore, unhandledPromptBehavior: ignore, version: 71.0.3578.98, webStorageEnabled: true}
Session ID: db9bc675ce65bc30d3dcc8b922cd9d5b
	at sun.reflect.NativeConstructorAccessorImpl.newInstance0(Native Method)
	at sun.reflect.NativeConstructorAccessorImpl.newInstance(Unknown Source)
	at sun.reflect.DelegatingConstructorAccessorImpl.newInstance(Unknown Source)
	at java.lang.reflect.Constructor.newInstance(Unknown Source)
	at org.openqa.selenium.remote.ErrorHandler.createThrowable(ErrorHandler.java:214)
	at org.openqa.selenium.remote.ErrorHandler.throwIfResponseFailed(ErrorHandler.java:166)
	at org.openqa.selenium.remote.http.JsonHttpResponseCodec.reconstructValue(JsonHttpResponseCodec.java:40)
	at org.openqa.selenium.remote.http.AbstractHttpResponseCodec.decode(AbstractHttpResponseCodec.java:80)
	at org.openqa.selenium.remote.http.AbstractHttpResponseCodec.decode(AbstractHttpResponseCodec.java:44)
	at org.openqa.selenium.remote.HttpCommandExecutor.execute(HttpCommandExecutor.java:164)
	at org.openqa.selenium.remote.service.DriverCommandExecutor.execute(DriverCommandExecutor.java:83)
	at org.openqa.selenium.remote.RemoteWebDriver.execute(RemoteWebDriver.java:601)
	at org.openqa.selenium.remote.RemoteWebDriver.execute(RemoteWebDriver.java:658)
	at org.openqa.selenium.remote.RemoteWebDriver$RemoteTargetLocator.alert(RemoteWebDriver.java:987)
	at utility.testreport.IsAlertispresent(testreport.java:29)
	at com.pagelibrary.com.ranfordbank.repository.branches(repository.java:113)
	at com.pagelibrary.com.ranfordbank.TestExecution.verify_branches(TestExecution.java:25)
	at sun.reflect.NativeMethodAccessorImpl.invoke0(Native Method)
	at sun.reflect.NativeMethodAccessorImpl.invoke(Unknown Source)
	at sun.reflect.DelegatingMethodAccessorImpl.invoke(Unknown Source)
	at java.lang.reflect.Method.invoke(Unknown Source)
	at org.testng.internal.MethodInvocationHelper.invokeMethod(MethodInvocationHelper.java:85)
	at org.testng.internal.Invoker.invokeMethod(Invoker.java:639)
	at org.testng.internal.Invoker.invokeTestMethod(Invoker.java:816)
	at org.testng.internal.Invoker.invokeTestMethods(Invoker.java:1124)
	at org.testng.internal.TestMethodWorker.invokeTestMethods(TestMethodWorker.java:125)
	at org.testng.internal.TestMethodWorker.run(TestMethodWorker.java:108)
	at org.testng.TestRunner.privateRun(TestRunner.java:774)
	at org.testng.TestRunner.run(TestRunner.java:624)
	at org.testng.SuiteRunner.runTest(SuiteRunner.java:359)
	at org.testng.SuiteRunner.runSequentially(SuiteRunner.java:354)
	at org.testng.SuiteRunner.privateRun(SuiteRunner.java:312)
	at org.testng.SuiteRunner.run(SuiteRunner.java:261)
	at org.testng.SuiteRunnerWorker.runSuite(SuiteRunnerWorker.java:52)
	at org.testng.SuiteRunnerWorker.run(SuiteRunnerWorker.java:86)
	at org.testng.TestNG.runSuitesSequentially(TestNG.java:1215)
	at org.testng.TestNG.runSuitesLocally(TestNG.java:1140)
	at org.testng.TestNG.run(TestNG.java:1048)
	at org.testng.remote.AbstractRemoteTestNG.run(AbstractRemoteTestNG.java:114)
	at org.testng.remote.RemoteTestNG.initAndRun(RemoteTestNG.java:251)
	at org.testng.remote.RemoteTestNG.main(RemoteTestNG.java:77)
]]>
            </full-stacktrace>
          </exception> <!-- org.openqa.selenium.NoAlertPresentException -->
          <reporter-output>
          </reporter-output>
        </test-method> <!-- verify_branches -->
        <test-method status="PASS" signature="beforemethod(java.lang.reflect.Method)[pri:0, instance:com.pagelibrary.com.ranfordbank.TestExecution@1832929]" name="beforemethod" is-config="true" duration-ms="0" started-at="2019-01-28T13:27:41Z" finished-at="2019-01-28T13:27:41Z">
          <params>
            <param index="0">
              <value>
                <![CDATA[public void com.pagelibrary.com.ranfordbank.TestExecution.verify_branches() throws java.lang.InterruptedException]]>
              </value>
            </param>
          </params>
          <reporter-output>
          </reporter-output>
        </test-method> <!-- beforemethod -->
        <test-method status="PASS" signature="beforemethod(java.lang.reflect.Method)[pri:0, instance:com.pagelibrary.com.ranfordbank.TestExecution@1832929]" name="beforemethod" is-config="true" duration-ms="0" started-at="2019-01-28T13:27:42Z" finished-at="2019-01-28T13:27:42Z">
          <params>
            <param index="0">
              <value>
                <![CDATA[public void com.pagelibrary.com.ranfordbank.TestExecution.verify_newbranches()]]>
              </value>
            </param>
          </params>
          <reporter-output>
          </reporter-output>
        </test-method> <!-- beforemethod -->
        <test-method status="PASS" signature="verify_newbranches()[pri:3, instance:com.pagelibrary.com.ranfordbank.TestExecution@1832929]" name="verify_newbranches" duration-ms="69620" started-at="2019-01-28T13:27:42Z" finished-at="2019-01-28T13:28:52Z">
          <reporter-output>
          </reporter-output>
        </test-method> <!-- verify_newbranches -->
        <test-method status="PASS" signature="verify_Employee()[pri:4, instance:com.pagelibrary.com.ranfordbank.TestExecution@1832929]" name="verify_Employee" duration-ms="629966" started-at="2019-01-28T13:28:52Z" finished-at="2019-01-28T13:39:22Z">
          <reporter-output>
          </reporter-output>
        </test-method> <!-- verify_Employee -->
        <test-method status="PASS" signature="beforemethod(java.lang.reflect.Method)[pri:0, instance:com.pagelibrary.com.ranfordbank.TestExecution@1832929]" name="beforemethod" is-config="true" duration-ms="0" started-at="2019-01-28T13:28:52Z" finished-at="2019-01-28T13:28:52Z">
          <params>
            <param index="0">
              <value>
                <![CDATA[public void com.pagelibrary.com.ranfordbank.TestExecution.verify_Employee()]]>
              </value>
            </param>
          </params>
          <reporter-output>
          </reporter-output>
        </test-method> <!-- beforemethod -->
        <test-method status="PASS" signature="beforemethod(java.lang.reflect.Method)[pri:0, instance:com.pagelibrary.com.ranfordbank.TestExecution@1832929]" name="beforemethod" is-config="true" duration-ms="1" started-at="2019-01-28T13:39:22Z" finished-at="2019-01-28T13:39:22Z">
          <params>
            <param index="0">
              <value>
                <![CDATA[public void com.pagelibrary.com.ranfordbank.TestExecution.verify_Roles()]]>
              </value>
            </param>
          </params>
          <reporter-output>
          </reporter-output>
        </test-method> <!-- beforemethod -->
        <test-method status="PASS" signature="verify_Roles()[pri:5, instance:com.pagelibrary.com.ranfordbank.TestExecution@1832929]" name="verify_Roles" duration-ms="9854" started-at="2019-01-28T13:39:22Z" finished-at="2019-01-28T13:39:32Z">
          <reporter-output>
          </reporter-output>
        </test-method> <!-- verify_Roles -->
        <test-method status="PASS" signature="savereport()[pri:0, instance:com.pagelibrary.com.ranfordbank.TestExecution@1832929]" name="savereport" is-config="true" duration-ms="430" started-at="2019-01-28T13:39:32Z" finished-at="2019-01-28T13:39:32Z">
          <reporter-output>
          </reporter-output>
        </test-method> <!-- savereport -->
      </class> <!-- com.pagelibrary.com.ranfordbank.TestExecution -->
    </test> <!-- Test1 -->
  </suite> <!-- Suite -->
</testng-results>
